<?xml version="1.0" encoding="utf-8"?><testsuites><testsuite name="pytest" errors="0" failures="0" skipped="0" tests="3" time="29.601" timestamp="2021-02-17T00:18:49.349503" hostname="DESKTOP-AL3AK0N"><testcase classname="test_HomePage.TestHomePage" name="test_formSubmission[getData0]" time="10.262" /><testcase classname="test_HomePage.TestHomePage" name="test_formSubmission[getData1]" time="2.105" /><testcase classname="test_shop.Test1" name="test_shop" time="17.081" /></testsuite></testsuites>